<?xml version="1.0" encoding="UTF-8"?>
<testng-results ignored="0" total="2" passed="2" failed="0" skipped="0">
  <reporter-output>
  </reporter-output>
  <suite started-at="2023-07-12T10:02:42 IST" name="Default suite" finished-at="2023-07-12T10:02:43 IST" duration-ms="1330">
    <groups>
      <group name="cucumber">
        <method signature="AbstractTestNGCucumberTests.runScenario(io.cucumber.testng.PickleWrapper,io.cucumber.testng.FeatureWrapper)[pri:0, instance:cucumber.com.aj.Runner@3012646b]" name="runScenario" class="io.cucumber.testng.AbstractTestNGCucumberTests"/>
      </group> <!-- cucumber -->
    </groups>
    <test started-at="2023-07-12T10:02:42 IST" name="Default test" finished-at="2023-07-12T10:02:43 IST" duration-ms="1330">
      <class name="cucumber.com.aj.Runner">
        <test-method is-config="true" signature="setUpClass(org.testng.ITestContext)[pri:0, instance:cucumber.com.aj.Runner@3012646b]" started-at="2023-07-12T10:02:42 IST" name="setUpClass" finished-at="2023-07-12T10:02:43 IST" duration-ms="974" status="PASS">
          <params>
            <param index="0">
              <value>
                <![CDATA[org.testng.TestRunner@74518890]]>
              </value>
            </param>
          </params>
          <reporter-output>
          </reporter-output>
        </test-method> <!-- setUpClass -->
        <test-method signature="runScenario(io.cucumber.testng.PickleWrapper,io.cucumber.testng.FeatureWrapper)[pri:0, instance:cucumber.com.aj.Runner@3012646b]" started-at="2023-07-12T10:02:43 IST" name="runScenario" description="Runs Cucumber Scenarios" data-provider="scenarios" finished-at="2023-07-12T10:02:43 IST" duration-ms="143" status="PASS">
          <params>
            <param index="0">
              <value>
                <![CDATA["test login"]]>
              </value>
            </param>
            <param index="1">
              <value>
                <![CDATA["automate login functionality"]]>
              </value>
            </param>
          </params>
          <reporter-output>
          </reporter-output>
        </test-method> <!-- runScenario -->
        <test-method signature="runScenario(io.cucumber.testng.PickleWrapper,io.cucumber.testng.FeatureWrapper)[pri:0, instance:cucumber.com.aj.Runner@3012646b]" started-at="2023-07-12T10:02:43 IST" name="runScenario" description="Runs Cucumber Scenarios" data-provider="scenarios" finished-at="2023-07-12T10:02:43 IST" duration-ms="25" status="PASS">
          <params>
            <param index="0">
              <value>
                <![CDATA["test login1"]]>
              </value>
            </param>
            <param index="1">
              <value>
                <![CDATA["automate login functionality"]]>
              </value>
            </param>
          </params>
          <reporter-output>
          </reporter-output>
        </test-method> <!-- runScenario -->
        <test-method is-config="true" signature="tearDownClass()[pri:0, instance:cucumber.com.aj.Runner@3012646b]" started-at="2023-07-12T10:02:43 IST" name="tearDownClass" finished-at="2023-07-12T10:02:43 IST" duration-ms="69" status="PASS">
          <reporter-output>
          </reporter-output>
        </test-method> <!-- tearDownClass -->
      </class> <!-- cucumber.com.aj.Runner -->
    </test> <!-- Default test -->
  </suite> <!-- Default suite -->
</testng-results>
